<?xml version="1.0" encoding="UTF-8"?>
<testng-results ignored="2" total="3" passed="1" failed="0" skipped="0">
  <reporter-output>
  </reporter-output>
  <suite started-at="2023-05-04T18:56:29 IST" name="Suite" finished-at="2023-05-04T18:56:50 IST" duration-ms="21023">
    <groups>
    </groups>
    <test started-at="2023-05-04T18:56:29 IST" name="testng" finished-at="2023-05-04T18:56:50 IST" duration-ms="21023">
      <class name="com.obsqura.testscripts.ManageUserTest">
        <test-method is-config="true" signature="initialiseBrowser(java.lang.String)[pri:0, instance:com.obsqura.testscripts.ManageUserTest@2eea88a1]" started-at="2023-05-04T18:56:29 IST" name="initialiseBrowser" finished-at="2023-05-04T18:56:42 IST" duration-ms="13253" status="PASS">
          <params>
            <param index="0">
              <value>
                <![CDATA[chrome]]>
              </value>
            </param>
          </params>
          <reporter-output>
          </reporter-output>
        </test-method> <!-- initialiseBrowser -->
        <test-method signature="verifyDeleteButtonFunctionalityInManageUserPage()[pri:0, instance:com.obsqura.testscripts.ManageUserTest@2eea88a1]" started-at="2023-05-04T18:56:42 IST" name="verifyDeleteButtonFunctionalityInManageUserPage" finished-at="2023-05-04T18:56:48 IST" duration-ms="6327" status="PASS">
          <reporter-output>
          </reporter-output>
        </test-method> <!-- verifyDeleteButtonFunctionalityInManageUserPage -->
        <test-method is-config="true" signature="browserQuit(org.testng.ITestResult)[pri:0, instance:com.obsqura.testscripts.ManageUserTest@2eea88a1]" started-at="2023-05-04T18:56:48 IST" name="browserQuit" finished-at="2023-05-04T18:56:50 IST" duration-ms="1309" status="PASS">
          <params>
            <param index="0">
              <value>
                <![CDATA[[TestResult name=verifyDeleteButtonFunctionalityInManageUserPage status=SUCCESS method=ManageUserTest.verifyDeleteButtonFunctionalityInManageUserPage()[pri:0, instance:com.obsqura.testscripts.ManageUserTest@2eea88a1] output={null}]]]>
              </value>
            </param>
          </params>
          <reporter-output>
          </reporter-output>
        </test-method> <!-- browserQuit -->
      </class> <!-- com.obsqura.testscripts.ManageUserTest -->
    </test> <!-- testng -->
  </suite> <!-- Suite -->
</testng-results>
