<?xml version="1.0" encoding="UTF-8"?>
<testng-results ignored="0" total="2" passed="2" failed="0" skipped="0">
  <reporter-output>
  </reporter-output>
  <suite started-at="2023-04-17T07:44:59 IST" name="Suite" finished-at="2023-04-17T07:45:26 IST" duration-ms="26558">
    <groups>
    </groups>
    <test started-at="2023-04-17T07:44:59 IST" name="crossbrowsing" finished-at="2023-04-17T07:45:26 IST" duration-ms="26558">
      <class name="com.obsqura.testscripts.PushNotificationTest">
        <test-method is-config="true" signature="initialiseBrowser(java.lang.String)[pri:0, instance:com.obsqura.testscripts.PushNotificationTest@272113c4]" started-at="2023-04-17T07:44:59 IST" name="initialiseBrowser" finished-at="2023-04-17T07:45:09 IST" duration-ms="9821" status="PASS">
          <params>
            <param index="0">
              <value>
                <![CDATA[chrome]]>
              </value>
            </param>
          </params>
          <reporter-output>
          </reporter-output>
        </test-method> <!-- initialiseBrowser -->
        <test-method signature="enterValueInFieldsOfPushNotificationPage()[pri:0, instance:com.obsqura.testscripts.PushNotificationTest@272113c4]" started-at="2023-04-17T07:45:09 IST" name="enterValueInFieldsOfPushNotificationPage" finished-at="2023-04-17T07:45:17 IST" duration-ms="7765" status="PASS">
          <reporter-output>
          </reporter-output>
        </test-method> <!-- enterValueInFieldsOfPushNotificationPage -->
        <test-method is-config="true" signature="browserQuit(org.testng.ITestResult)[pri:0, instance:com.obsqura.testscripts.PushNotificationTest@272113c4]" started-at="2023-04-17T07:45:17 IST" name="browserQuit" finished-at="2023-04-17T07:45:18 IST" duration-ms="1084" status="PASS">
          <params>
            <param index="0">
              <value>
                <![CDATA[[TestResult name=enterValueInFieldsOfPushNotificationPage status=SUCCESS method=PushNotificationTest.enterValueInFieldsOfPushNotificationPage()[pri:0, instance:com.obsqura.testscripts.PushNotificationTest@272113c4] output={null}]]]>
              </value>
            </param>
          </params>
          <reporter-output>
          </reporter-output>
        </test-method> <!-- browserQuit -->
        <test-method is-config="true" signature="initialiseBrowser(java.lang.String)[pri:0, instance:com.obsqura.testscripts.PushNotificationTest@272113c4]" started-at="2023-04-17T07:45:18 IST" name="initialiseBrowser" finished-at="2023-04-17T07:45:21 IST" duration-ms="3570" status="PASS">
          <params>
            <param index="0">
              <value>
                <![CDATA[chrome]]>
              </value>
            </param>
          </params>
          <reporter-output>
          </reporter-output>
        </test-method> <!-- initialiseBrowser -->
        <test-method signature="verifyPushnotificationNavigation()[pri:0, instance:com.obsqura.testscripts.PushNotificationTest@272113c4]" started-at="2023-04-17T07:45:21 IST" name="verifyPushnotificationNavigation" finished-at="2023-04-17T07:45:25 IST" duration-ms="3224" status="PASS">
          <reporter-output>
          </reporter-output>
        </test-method> <!-- verifyPushnotificationNavigation -->
        <test-method is-config="true" signature="browserQuit(org.testng.ITestResult)[pri:0, instance:com.obsqura.testscripts.PushNotificationTest@272113c4]" started-at="2023-04-17T07:45:25 IST" name="browserQuit" finished-at="2023-04-17T07:45:26 IST" duration-ms="998" status="PASS">
          <params>
            <param index="0">
              <value>
                <![CDATA[[TestResult name=verifyPushnotificationNavigation status=SUCCESS method=PushNotificationTest.verifyPushnotificationNavigation()[pri:0, instance:com.obsqura.testscripts.PushNotificationTest@272113c4] output={null}]]]>
              </value>
            </param>
          </params>
          <reporter-output>
          </reporter-output>
        </test-method> <!-- browserQuit -->
      </class> <!-- com.obsqura.testscripts.PushNotificationTest -->
    </test> <!-- crossbrowsing -->
  </suite> <!-- Suite -->
</testng-results>
