<?xml version="1.0" encoding="UTF-8"?>
<!-- Generated by org.testng.reporters.JUnitXMLReporter -->
<testsuite ignored="0" hostname="DESKTOP-7G633CK" failures="0" tests="2" name="crossbrowsing" time="26.558" errors="0" timestamp="2023-04-17T07:45:26 IST">
  <testcase classname="com.obsqura.testscripts.PushNotificationTest" name="enterValueInFieldsOfPushNotificationPage" time="7.765"/>
  <testcase classname="com.obsqura.testscripts.PushNotificationTest" name="verifyPushnotificationNavigation" time="3.224"/>
</testsuite> <!-- crossbrowsing -->
