<?xml version="1.0" encoding="UTF-8"?>
<!-- Generated by org.testng.reporters.JUnitXMLReporter -->
<testsuite ignored="0" hostname="DESKTOP-7G633CK" failures="0" tests="2" name="crossbrowsing" time="17.928" errors="0" timestamp="2023-04-19T08:09:22 IST">
  <testcase classname="com.obsqura.testscripts.Base" name="@BeforeMethod initialiseBrowser" time="13.739">
    <failure type="java.lang.NullPointerException" message="Cannot invoke &amp;quot;org.openqa.selenium.WebDriver.get(String)&amp;quot; because &amp;quot;this.driver&amp;quot; is null">
      <![CDATA[java.lang.NullPointerException: Cannot invoke "org.openqa.selenium.WebDriver.get(String)" because "this.driver" is null
at com.obsqura.testscripts.Base.initialiseBrowser(Base.java:96)
at java.base/java.util.ArrayList.forEach(ArrayList.java:1511)
... Removed 31 stack frames]]>
    </failure>
  </testcase> <!-- @BeforeMethod initialiseBrowser -->
  <testcase classname="com.obsqura.testscripts.Base" name="@AfterMethod browserQuit" time="0.003">
    <failure type="java.lang.NullPointerException" message="Cannot invoke &amp;quot;org.openqa.selenium.WebDriver.quit()&amp;quot; because &amp;quot;this.driver&amp;quot; is null">
      <![CDATA[java.lang.NullPointerException: Cannot invoke "org.openqa.selenium.WebDriver.quit()" because "this.driver" is null
at com.obsqura.testscripts.Base.browserQuit(Base.java:110)
at java.base/java.util.ArrayList.forEach(ArrayList.java:1511)
... Removed 32 stack frames]]>
    </failure>
  </testcase> <!-- @AfterMethod browserQuit -->
  <testcase classname="com.obsqura.testscripts.Base" name="@BeforeMethod initialiseBrowser" time="3.913">
    <failure type="java.lang.NullPointerException" message="Cannot invoke &amp;quot;org.openqa.selenium.WebDriver.get(String)&amp;quot; because &amp;quot;this.driver&amp;quot; is null">
      <![CDATA[java.lang.NullPointerException: Cannot invoke "org.openqa.selenium.WebDriver.get(String)" because "this.driver" is null
at com.obsqura.testscripts.Base.initialiseBrowser(Base.java:96)
at java.base/java.util.ArrayList.forEach(ArrayList.java:1511)
... Removed 31 stack frames]]>
    </failure>
  </testcase> <!-- @BeforeMethod initialiseBrowser -->
  <testcase classname="com.obsqura.testscripts.Base" name="@AfterMethod browserQuit" time="0.001">
    <failure type="java.lang.NullPointerException" message="Cannot invoke &amp;quot;org.openqa.selenium.WebDriver.quit()&amp;quot; because &amp;quot;this.driver&amp;quot; is null">
      <![CDATA[java.lang.NullPointerException: Cannot invoke "org.openqa.selenium.WebDriver.quit()" because "this.driver" is null
at com.obsqura.testscripts.Base.browserQuit(Base.java:110)
at java.base/java.util.ArrayList.forEach(ArrayList.java:1511)
... Removed 32 stack frames]]>
    </failure>
  </testcase> <!-- @AfterMethod browserQuit -->
  <testcase classname="com.obsqura.testscripts.PushNotificationTest" name="sendingNotificationByEnteringValueInFieldsOfPushNotificationPage" time="0.0">
    <skipped/>
  </testcase> <!-- sendingNotificationByEnteringValueInFieldsOfPushNotificationPage -->
  <testcase classname="com.obsqura.testscripts.PushNotificationTest" name="verifyPushNotificationPageNavigationFromDashBoard" time="0.0">
    <skipped/>
  </testcase> <!-- verifyPushNotificationPageNavigationFromDashBoard -->
</testsuite> <!-- crossbrowsing -->
