<?xml version="1.0" encoding="UTF-8"?>
<!-- Generated by org.testng.reporters.JUnitXMLReporter -->
<testsuite ignored="0" hostname="DESKTOP-7G633CK" failures="1" tests="1" name="crossbrowsing" time="14.47" errors="0" timestamp="2023-04-16T17:23:44 IST">
  <testcase classname="com.obsqura.testscripts.LoginTest" name="verifyingLoginPageWithValidUserNameAndInValidPassword" time="3.781">
    <failure type="java.lang.AssertionError" message="Titles are not same expected [Login | 7rmart supermarket] but found [Dashboard | 7rmart supermarket]">
      <![CDATA[java.lang.AssertionError: Titles are not same expected [Login | 7rmart supermarket] but found [Dashboard | 7rmart supermarket]
at com.obsqura.testscripts.LoginTest.verifyingLoginPageWithValidUserNameAndInValidPassword(LoginTest.java:63)
at java.base/java.util.ArrayList.forEach(ArrayList.java:1511)
... Removed 32 stack frames]]>
    </failure>
  </testcase> <!-- verifyingLoginPageWithValidUserNameAndInValidPassword -->
</testsuite> <!-- crossbrowsing -->
