<?xml version="1.0" encoding="UTF-8"?>
<!-- Generated by org.testng.reporters.JUnitXMLReporter -->
<testsuite ignored="0" hostname="DESKTOP-7G633CK" failures="0" tests="5" name="EdgeBrowsing" time="51.859" errors="0" timestamp="2023-04-12T07:54:32 IST">
  <testcase classname="com.obsqura.testscripts.Base" name="testdemo" time="0.02"/>
  <testcase classname="com.obsqura.testscripts.LoginPageTest" name="verifyingLoginPage" time="2.912"/>
  <testcase classname="com.obsqura.testscripts.LoginPageTest" name="verifyingLoginPage" time="1.583"/>
  <testcase classname="com.obsqura.testscripts.LoginPageTest" name="verifyingLoginPage" time="1.702"/>
  <testcase classname="com.obsqura.testscripts.LoginPageTest" name="verifyingLoginPage" time="1.75"/>
</testsuite> <!-- EdgeBrowsing -->
