<?xml version="1.0" encoding="UTF-8"?>
<!-- Generated by org.testng.reporters.JUnitXMLReporter -->
<testsuite ignored="0" hostname="DESKTOP-7G633CK" failures="0" tests="4" name="testng" time="36.202" errors="0" timestamp="2023-04-27T08:14:59 IST">
  <testcase classname="com.obsqura.testscripts.LoginTest" name="verifyingLoginPageWithInValidUserNameAndInValidPassword" time="3.55"/>
  <testcase classname="com.obsqura.testscripts.LoginTest" name="verifyingLoginPageWithInValidUserNameAndValidPassword" time="1.145"/>
  <testcase classname="com.obsqura.testscripts.LoginTest" name="verifyingLoginPageWithValidUserNameAndInValidPassword" time="1.303"/>
  <testcase classname="com.obsqura.testscripts.LoginTest" name="verifyingLoginPageWithValidUserNameAndValidPassword" time="1.656"/>
</testsuite> <!-- testng -->
