<?xml version="1.0" encoding="UTF-8"?>
<!-- Generated by org.testng.reporters.JUnitXMLReporter -->
<testsuite ignored="2" hostname="DESKTOP-7G633CK" failures="0" tests="1" name="testng" time="21.023" errors="0" timestamp="2023-05-04T18:56:50 IST">
  <testcase classname="com.obsqura.testscripts.ManageUserTest" name="verifyDeleteButtonFunctionalityInManageUserPage" time="6.327"/>
  <testcase classname="com.obsqura.testscripts.ManageUserTest" name="verifyManageUserPageNavigationFromDashBoard" time="0.0">
    <ignored/>
  </testcase> <!-- verifyManageUserPageNavigationFromDashBoard -->
  <testcase classname="com.obsqura.testscripts.ManageUserTest" name="verifyStatusChangeWhenInactiveButtonInListUserPageisClicked" time="0.0">
    <ignored/>
  </testcase> <!-- verifyStatusChangeWhenInactiveButtonInListUserPageisClicked -->
</testsuite> <!-- testng -->
